Operating system: Linux
                  0.0.0 Linux 3.10.0-1160.95.1.el7.x86_64 #1 SMP Mon Jul 24 13:59:37 UTC 2023 x86_64
CPU: amd64
     family 6 model 106 stepping 6
     1 CPU

GPU: UNKNOWN

Crash reason:  DUMP_REQUESTED
Crash address: 0x2adc852ef406
Process uptime: not available

Thread 0 (crashed)
 0  libcbreakpad.so + 0x36406
    rax = 0xffffffffffffffff   rdx = 0x0000000000000000
    rcx = 0x00002adc852edcb2   rbx = 0x00002adc85d68ef0
    rsi = 0x0000000000000001   rdi = 0x00002adc85d68878
    rbp = 0x00002adc85d68e30   rsp = 0x00002adc85d687e0
     r8 = 0x0000000000000000    r9 = 0x0000000000000000
    r10 = 0x0000000000000000   r11 = 0x000003e800000000
    r12 = 0x0000000000000000   r13 = 0x0000000000000000
    r14 = 0x00002adc85d68e70   r15 = 0x0000000000000000
    rip = 0x00002adc852ef406
    Found by: given as instruction pointer in context
 1  libcbreakpad.so + 0x34672
    rbp = 0x00002adc85d68f80   rsp = 0x00002adc85d68e40
    rip = 0x00002adc852ed672
    Found by: previous frame's frame pointer
 2  xmsim + 0x14f8bd0
    rbp = 0x00002adc85d68f80   rsp = 0x00002adc85d68ea8
    rip = 0x00000000018f8bd0
    Found by: stack scanning
 3  libc-2.17.so + 0x4d2cd
    rbp = 0x00002adc85d68f80   rsp = 0x00002adc85d68ed0
    rip = 0x00002adc84f382cd
    Found by: stack scanning
 4  xmsim + 0x2946f40
    rbp = 0x00002adc85d68f80   rsp = 0x00002adc85d68ed8
    rip = 0x0000000002d46f40
    Found by: stack scanning
 5  xmsim + 0x14e3457
    rsp = 0x00002adc85d68f90   rip = 0x00000000018e3457
    Found by: stack scanning
 6  xmsim + 0x2946f40
    rsp = 0x00002adc85d68fb0   rip = 0x0000000002d46f40
    Found by: stack scanning

Loaded modules:
0x00400000 - 0x02ef9fff  xmsim  ???  (main)  (WARNING: No symbols, xmsim, BA1589BEC95F518C43F9346AFBBBF4070)
0x2adc845a5000 - 0x2adc845c6fff  ld-2.17.so  ???
0x2adc845cb000 - 0x2adc847a1fff  libstdc++.so.6.0.28  ???
0x2adc847a6000 - 0x2adc847bffff  libgcc_s.so.1  ???
0x2adc847c6000 - 0x2adc847c7fff  ld-2.17.so  ???
0x2adc847c9000 - 0x2adc847dffff  libpthread-2.17.so  ???
0x2adc847e0000 - 0x2adc849e0fff  libpthread-2.17.so  ???
0x2adc849e5000 - 0x2adc849e6fff  libdl-2.17.so  ???
0x2adc849e7000 - 0x2adc84be8fff  libdl-2.17.so  ???
0x2adc84be9000 - 0x2adc84ce9fff  libm-2.17.so  ???
0x2adc84cea000 - 0x2adc84eeafff  libm-2.17.so  ???
0x2adc84eeb000 - 0x2adc850aefff  libc-2.17.so  ???  (WARNING: No symbols, libc-2.17.so, 79E270948F389C7FB2ED3B2872D0C2090)
0x2adc850af000 - 0x2adc852b3fff  libc-2.17.so  ???
0x2adc852b9000 - 0x2adc8531dfff  libcbreakpad.so  ???  (WARNING: No symbols, libcbreakpad.so, 63B86735150D8CAFFEA2339F8607BB350)
0x2adc8531e000 - 0x2adc85322fff  libcbreakpad.so  ???
0x2adc8532a000 - 0x2adc853c2fff  libxmjudy.so.1.0.3  ???
0x2adc85444000 - 0x2adc8544ffff  libnss_files-2.17.so  ???
0x2adc85450000 - 0x2adc85650fff  libnss_files-2.17.so  ???
0x2adc85657000 - 0x2adc85661fff  libnss_nis-2.17.so  ???
0x2adc85662000 - 0x2adc85862fff  libnss_nis-2.17.so  ???
0x2adc85863000 - 0x2adc85879fff  libnsl-2.17.so  ???
0x2adc8587a000 - 0x2adc85a7afff  libnsl-2.17.so  ???
0x2adc85a7d000 - 0x2adc85b2ffff  libdcapi.so  ???
0x2adc85b30000 - 0x2adc85b3cfff  libdcapi.so  ???
0x2adc85b3e000 - 0x2adc85cf1fff  libStrapNC.so  ???
0x2adc865b3000 - 0x2adc865d6fff  libml_uvm.so  ???
0x2adc8698c000 - 0x2adc8699bfff  ncvlog_ssl.so  ???
0x2adc8699e000 - 0x2adc869a5fff  libcrypt-2.17.so  ???
0x2adc869a6000 - 0x2adc86ba6fff  libcrypt-2.17.so  ???
0x2adc86bd5000 - 0x2adc86bd6fff  libfreebl3.so  ???
0x2adc86bd7000 - 0x2adc86dd7fff  libfreebl3.so  ???
0x2adc86f9d000 - 0x2adc86fa5fff  libxdt.so  ???
0x2adc871bf000 - 0x2adc88a09fff  libbdw_st.so  ???
0x2adc88a73000 - 0x2adc88ad8fff  libcurl.so.4.3.0  ???
0x2adc88ad9000 - 0x2adc88cdbfff  libcurl.so.4.3.0  ???
0x2adc88cdd000 - 0x2adc893d6fff  libnffr.so  ???
0x2adc893d7000 - 0x2adc895fefff  libnffr.so  ???
0x2adc8a0a7000 - 0x2adc8a2b8fff  libnsys.so  ???
0x2adc8a2b9000 - 0x2adc8a4c5fff  libnsys.so  ???
0x2adc8a4d8000 - 0x2adc8a4f2fff  libz_sh.so  ???
0x2adc8a4f3000 - 0x2adc8a4f9fff  librt-2.17.so  ???
0x2adc8a4fa000 - 0x2adc8a6fafff  librt-2.17.so  ???
0x2adc8a6fb000 - 0x2adc8a71afff  libcdsCommon_sh.so  ???
0x2adc8a71f000 - 0x2adc8a750fff  libidn.so.11.6.11  ???
0x2adc8a751000 - 0x2adc8a951fff  libidn.so.11.6.11  ???
0x2adc8a952000 - 0x2adc8a97cfff  libssh2.so.1.0.1  ???
0x2adc8a97d000 - 0x2adc8ab7efff  libssh2.so.1.0.1  ???
0x2adc8ab7f000 - 0x2adc8abddfff  libssl3.so  ???
0x2adc8abde000 - 0x2adc8ade2fff  libssl3.so  ???
0x2adc8ade4000 - 0x2adc8ae08fff  libsmime3.so  ???
0x2adc8ae09000 - 0x2adc8b00bfff  libsmime3.so  ???
0x2adc8b00c000 - 0x2adc8b13cfff  libnss3.so  ???
0x2adc8b13d000 - 0x2adc8b344fff  libnss3.so  ???
0x2adc8b346000 - 0x2adc8b36efff  libnssutil3.so  ???
0x2adc8b36f000 - 0x2adc8b575fff  libnssutil3.so  ???
0x2adc8b576000 - 0x2adc8b578fff  libplds4.so  ???
0x2adc8b579000 - 0x2adc8b779fff  libplds4.so  ???
0x2adc8b77a000 - 0x2adc8b77dfff  libplc4.so  ???
0x2adc8b77e000 - 0x2adc8b97efff  libplc4.so  ???
0x2adc8b97f000 - 0x2adc8b9b8fff  libnspr4.so  ???
0x2adc8b9b9000 - 0x2adc8bbbbfff  libnspr4.so  ???
0x2adc8bbbe000 - 0x2adc8bc07fff  libgssapi_krb5.so.2.2  ???
0x2adc8bc08000 - 0x2adc8be0afff  libgssapi_krb5.so.2.2  ???
0x2adc8be0b000 - 0x2adc8bee3fff  libkrb5.so.3.3  ???
0x2adc8bee4000 - 0x2adc8c0f3fff  libkrb5.so.3.3  ???
0x2adc8c0f4000 - 0x2adc8c124fff  libk5crypto.so.3.1  ???
0x2adc8c125000 - 0x2adc8c326fff  libk5crypto.so.3.1  ???
0x2adc8c327000 - 0x2adc8c329fff  libcom_err.so.2.1  ???
0x2adc8c32a000 - 0x2adc8c52afff  libcom_err.so.2.1  ???
0x2adc8c52b000 - 0x2adc8c538fff  liblber-2.4.so.2.10.7  ???
0x2adc8c539000 - 0x2adc8c739fff  liblber-2.4.so.2.10.7  ???
0x2adc8c73a000 - 0x2adc8c78bfff  libldap-2.4.so.2.10.7  ???
0x2adc8c78c000 - 0x2adc8c98efff  libldap-2.4.so.2.10.7  ???
0x2adc8c98f000 - 0x2adc8c9a3fff  libz.so.1.2.7  ???
0x2adc8c9a4000 - 0x2adc8cba4fff  libz.so.1.2.7  ???
0x2adc8cba5000 - 0x2adc8cc0bfff  libssl.so.1.0.2k  ???
0x2adc8cc0c000 - 0x2adc8ce16fff  libssl.so.1.0.2k  ???
0x2adc8ce17000 - 0x2adc8d04dfff  libcrypto.so.1.0.2k  ???
0x2adc8d04e000 - 0x2adc8d275fff  libcrypto.so.1.0.2k  ???
0x2adc8d27a000 - 0x2adc8d287fff  libkrb5support.so.0.1  ???
0x2adc8d288000 - 0x2adc8d489fff  libkrb5support.so.0.1  ???
0x2adc8d48a000 - 0x2adc8d48cfff  libkeyutils.so.1.5  ???
0x2adc8d48d000 - 0x2adc8d68dfff  libkeyutils.so.1.5  ???
0x2adc8d68e000 - 0x2adc8d6a3fff  libresolv-2.17.so  ???
0x2adc8d6a4000 - 0x2adc8d8a5fff  libresolv-2.17.so  ???
0x2adc8d8a8000 - 0x2adc8d8c3fff  libsasl2.so.3.0.0  ???
0x2adc8d8c4000 - 0x2adc8dac4fff  libsasl2.so.3.0.0  ???
0x2adc8dac5000 - 0x2adc8dae8fff  libselinux.so.1  ???
0x2adc8dae9000 - 0x2adc8dce9fff  libselinux.so.1  ???
0x2adc8dcec000 - 0x2adc8dd4bfff  libpcre.so.1.2.0  ???
0x2adc8dd4c000 - 0x2adc8df4dfff  libpcre.so.1.2.0  ???
0x2adc8e04f000 - 0x2adc8e1a6fff  libhub.so  ???
0x2adc8e1a7000 - 0x2adc8e1c1fff  libhub.so  ???
0x2adc8e1ce000 - 0x2adc8e53cfff  libcynshell2.0.so  ???
0x2adc8e53d000 - 0x2adc8e55efff  libcynshell2.0.so  ???
0x2adc8e55f000 - 0x2adc903a4fff  libstratus_hls.so  ???
0x2adc92a67000 - 0x2adc93c47fff  libz3.so  ???
0x2adc93c48000 - 0x2adc93e73fff  libz3.so  ???
0x2adc93e76000 - 0x2adc93eadfff  libgomp.so.1.0.0  ???
0x2adc9beaf000 - 0x2adc9bef5fff  libitcl4.2.2.so  ???
0x2adc9bef6000 - 0x2adc9bfeafff  sim_V_GF_PIPELINE.so  ???
0x2adc9bfec000 - 0x2adc9c28dfff  libscv-2.0.1.so  ???
0x2adc9c295000 - 0x2adc9c477fff  libsystemc-2.3.3.so  ???
0x7ffdac9fd000 - 0x7ffdac9fefff  linux-gate.so  ???

******BACKTRACE*****
vserror (xmsim) [0x18e3457]
serror (xmsim) [0x18e3a95]
sv_abrthandler (xmsim) [0xb478c6]
******BACKTRACE END*****