Operating system: Linux
                  0.0.0 Linux 3.10.0-1160.95.1.el7.x86_64 #1 SMP Mon Jul 24 13:59:37 UTC 2023 x86_64
CPU: amd64
     family 6 model 106 stepping 6
     1 CPU

GPU: UNKNOWN

Crash reason:  DUMP_REQUESTED
Crash address: 0x2b1d7d734406
Process uptime: not available

Thread 0 (crashed)
 0  libcbreakpad.so + 0x36406
    rax = 0x0000000000000000   rdx = 0x0000000000000000
    rcx = 0x00002b1d7d732cb2   rbx = 0x00002b1d7e1adef0
    rsi = 0x0000000000000001   rdi = 0x00002b1d7e1ad878
    rbp = 0x00002b1d7e1ade30   rsp = 0x00002b1d7e1ad7e0
     r8 = 0x0000000000000000    r9 = 0x0000000000000000
    r10 = 0x0000000000000000   r11 = 0x0000000000000000
    r12 = 0x0000000000000000   r13 = 0x00002b1d7e1ae258
    r14 = 0x00002b1d7e1ade70   r15 = 0x00005a2600005cc4
    rip = 0x00002b1d7d734406
    Found by: given as instruction pointer in context
 1  libcbreakpad.so + 0x34672
    rbp = 0x00002b1d7e1adf80   rsp = 0x00002b1d7e1ade40
    rip = 0x00002b1d7d732672
    Found by: previous frame's frame pointer
 2  xmsim + 0x696630
    rbp = 0x00002b1d7e1adf80   rsp = 0x00002b1d7e1aded8
    rip = 0x0000000000a96630
    Found by: stack scanning
 3  libc-2.17.so + 0x36387
    rbp = 0x00002b1d7e1adf80   rsp = 0x00002b1d7e1adf78
    rip = 0x00002b1d7d366387
    Found by: stack scanning
 4  xmsim + 0x14e1f36
    rsp = 0x00002b1d7e1adf90   rip = 0x00000000018e1f36
    Found by: stack scanning

Loaded modules:
0x00400000 - 0x02ef9fff  xmsim  ???  (main)  (WARNING: No symbols, xmsim, BA1589BEC95F518C43F9346AFBBBF4070)
0x2b1d7c9ea000 - 0x2b1d7ca0bfff  ld-2.17.so  ???
0x2b1d7ca10000 - 0x2b1d7cbe6fff  libstdc++.so.6.0.28  ???
0x2b1d7cbeb000 - 0x2b1d7cc04fff  libgcc_s.so.1  ???
0x2b1d7cc0b000 - 0x2b1d7cc0cfff  ld-2.17.so  ???
0x2b1d7cc0e000 - 0x2b1d7cc24fff  libpthread-2.17.so  ???
0x2b1d7cc25000 - 0x2b1d7ce25fff  libpthread-2.17.so  ???
0x2b1d7ce2a000 - 0x2b1d7ce2bfff  libdl-2.17.so  ???
0x2b1d7ce2c000 - 0x2b1d7d02dfff  libdl-2.17.so  ???
0x2b1d7d02e000 - 0x2b1d7d12efff  libm-2.17.so  ???
0x2b1d7d12f000 - 0x2b1d7d32ffff  libm-2.17.so  ???
0x2b1d7d330000 - 0x2b1d7d4f3fff  libc-2.17.so  ???  (WARNING: No symbols, libc-2.17.so, 79E270948F389C7FB2ED3B2872D0C2090)
0x2b1d7d4f4000 - 0x2b1d7d6f8fff  libc-2.17.so  ???
0x2b1d7d6fe000 - 0x2b1d7d762fff  libcbreakpad.so  ???  (WARNING: No symbols, libcbreakpad.so, 63B86735150D8CAFFEA2339F8607BB350)
0x2b1d7d763000 - 0x2b1d7d767fff  libcbreakpad.so  ???
0x2b1d7d76f000 - 0x2b1d7d807fff  libxmjudy.so.1.0.3  ???
0x2b1d7d889000 - 0x2b1d7d894fff  libnss_files-2.17.so  ???
0x2b1d7d895000 - 0x2b1d7da95fff  libnss_files-2.17.so  ???
0x2b1d7da9c000 - 0x2b1d7daa6fff  libnss_nis-2.17.so  ???
0x2b1d7daa7000 - 0x2b1d7dca7fff  libnss_nis-2.17.so  ???
0x2b1d7dca8000 - 0x2b1d7dcbefff  libnsl-2.17.so  ???
0x2b1d7dcbf000 - 0x2b1d7debffff  libnsl-2.17.so  ???
0x2b1d7dec2000 - 0x2b1d7df74fff  libdcapi.so  ???
0x2b1d7df75000 - 0x2b1d7df81fff  libdcapi.so  ???
0x2b1d7df83000 - 0x2b1d7e136fff  libStrapNC.so  ???
0x2b1d7e9f8000 - 0x2b1d7ea1bfff  libml_uvm.so  ???
0x2b1d7edd1000 - 0x2b1d7ede0fff  ncvlog_ssl.so  ???
0x2b1d7ede3000 - 0x2b1d7edeafff  libcrypt-2.17.so  ???
0x2b1d7edeb000 - 0x2b1d7efebfff  libcrypt-2.17.so  ???
0x2b1d7f01a000 - 0x2b1d7f01bfff  libfreebl3.so  ???
0x2b1d7f01c000 - 0x2b1d7f21cfff  libfreebl3.so  ???
0x2b1d7f3e2000 - 0x2b1d7f3eafff  libxdt.so  ???
0x2b1d7f604000 - 0x2b1d80e4efff  libbdw_st.so  ???
0x2b1d80eb8000 - 0x2b1d80f1dfff  libcurl.so.4.3.0  ???
0x2b1d80f1e000 - 0x2b1d81120fff  libcurl.so.4.3.0  ???
0x2b1d81122000 - 0x2b1d8181bfff  libnffr.so  ???
0x2b1d8181c000 - 0x2b1d81a43fff  libnffr.so  ???
0x2b1d824ec000 - 0x2b1d826fdfff  libnsys.so  ???
0x2b1d826fe000 - 0x2b1d8290afff  libnsys.so  ???
0x2b1d8291d000 - 0x2b1d82937fff  libz_sh.so  ???
0x2b1d82938000 - 0x2b1d8293efff  librt-2.17.so  ???
0x2b1d8293f000 - 0x2b1d82b3ffff  librt-2.17.so  ???
0x2b1d82b40000 - 0x2b1d82b5ffff  libcdsCommon_sh.so  ???
0x2b1d82b64000 - 0x2b1d82b95fff  libidn.so.11.6.11  ???
0x2b1d82b96000 - 0x2b1d82d96fff  libidn.so.11.6.11  ???
0x2b1d82d97000 - 0x2b1d82dc1fff  libssh2.so.1.0.1  ???
0x2b1d82dc2000 - 0x2b1d82fc3fff  libssh2.so.1.0.1  ???
0x2b1d82fc4000 - 0x2b1d83022fff  libssl3.so  ???
0x2b1d83023000 - 0x2b1d83227fff  libssl3.so  ???
0x2b1d83229000 - 0x2b1d8324dfff  libsmime3.so  ???
0x2b1d8324e000 - 0x2b1d83450fff  libsmime3.so  ???
0x2b1d83451000 - 0x2b1d83581fff  libnss3.so  ???
0x2b1d83582000 - 0x2b1d83789fff  libnss3.so  ???
0x2b1d8378b000 - 0x2b1d837b3fff  libnssutil3.so  ???
0x2b1d837b4000 - 0x2b1d839bafff  libnssutil3.so  ???
0x2b1d839bb000 - 0x2b1d839bdfff  libplds4.so  ???
0x2b1d839be000 - 0x2b1d83bbefff  libplds4.so  ???
0x2b1d83bbf000 - 0x2b1d83bc2fff  libplc4.so  ???
0x2b1d83bc3000 - 0x2b1d83dc3fff  libplc4.so  ???
0x2b1d83dc4000 - 0x2b1d83dfdfff  libnspr4.so  ???
0x2b1d83dfe000 - 0x2b1d84000fff  libnspr4.so  ???
0x2b1d84003000 - 0x2b1d8404cfff  libgssapi_krb5.so.2.2  ???
0x2b1d8404d000 - 0x2b1d8424ffff  libgssapi_krb5.so.2.2  ???
0x2b1d84250000 - 0x2b1d84328fff  libkrb5.so.3.3  ???
0x2b1d84329000 - 0x2b1d84538fff  libkrb5.so.3.3  ???
0x2b1d84539000 - 0x2b1d84569fff  libk5crypto.so.3.1  ???
0x2b1d8456a000 - 0x2b1d8476bfff  libk5crypto.so.3.1  ???
0x2b1d8476c000 - 0x2b1d8476efff  libcom_err.so.2.1  ???
0x2b1d8476f000 - 0x2b1d8496ffff  libcom_err.so.2.1  ???
0x2b1d84970000 - 0x2b1d8497dfff  liblber-2.4.so.2.10.7  ???
0x2b1d8497e000 - 0x2b1d84b7efff  liblber-2.4.so.2.10.7  ???
0x2b1d84b7f000 - 0x2b1d84bd0fff  libldap-2.4.so.2.10.7  ???
0x2b1d84bd1000 - 0x2b1d84dd3fff  libldap-2.4.so.2.10.7  ???
0x2b1d84dd4000 - 0x2b1d84de8fff  libz.so.1.2.7  ???
0x2b1d84de9000 - 0x2b1d84fe9fff  libz.so.1.2.7  ???
0x2b1d84fea000 - 0x2b1d85050fff  libssl.so.1.0.2k  ???
0x2b1d85051000 - 0x2b1d8525bfff  libssl.so.1.0.2k  ???
0x2b1d8525c000 - 0x2b1d85492fff  libcrypto.so.1.0.2k  ???
0x2b1d85493000 - 0x2b1d856bafff  libcrypto.so.1.0.2k  ???
0x2b1d856bf000 - 0x2b1d856ccfff  libkrb5support.so.0.1  ???
0x2b1d856cd000 - 0x2b1d858cefff  libkrb5support.so.0.1  ???
0x2b1d858cf000 - 0x2b1d858d1fff  libkeyutils.so.1.5  ???
0x2b1d858d2000 - 0x2b1d85ad2fff  libkeyutils.so.1.5  ???
0x2b1d85ad3000 - 0x2b1d85ae8fff  libresolv-2.17.so  ???
0x2b1d85ae9000 - 0x2b1d85ceafff  libresolv-2.17.so  ???
0x2b1d85ced000 - 0x2b1d85d08fff  libsasl2.so.3.0.0  ???
0x2b1d85d09000 - 0x2b1d85f09fff  libsasl2.so.3.0.0  ???
0x2b1d85f0a000 - 0x2b1d85f2dfff  libselinux.so.1  ???
0x2b1d85f2e000 - 0x2b1d8612efff  libselinux.so.1  ???
0x2b1d86131000 - 0x2b1d86190fff  libpcre.so.1.2.0  ???
0x2b1d86191000 - 0x2b1d86392fff  libpcre.so.1.2.0  ???
0x2b1d86494000 - 0x2b1d865ebfff  libhub.so  ???
0x2b1d865ec000 - 0x2b1d86606fff  libhub.so  ???
0x2b1d86613000 - 0x2b1d86981fff  libcynshell2.0.so  ???
0x2b1d86982000 - 0x2b1d869a3fff  libcynshell2.0.so  ???
0x2b1d869a4000 - 0x2b1d887e9fff  libstratus_hls.so  ???
0x2b1d8aeac000 - 0x2b1d8c08cfff  libz3.so  ???
0x2b1d8c08d000 - 0x2b1d8c2b8fff  libz3.so  ???
0x2b1d8c2bb000 - 0x2b1d8c2f2fff  libgomp.so.1.0.0  ???
0x2b1d942f4000 - 0x2b1d9433afff  libitcl4.2.2.so  ???
0x2b1d9433b000 - 0x2b1d9442ffff  sim_V_GF_BASIC.so  ???
0x2b1d94431000 - 0x2b1d946d2fff  libscv-2.0.1.so  ???
0x2b1d946da000 - 0x2b1d948bcfff  libsystemc-2.3.3.so  ???
0x7ffc0abdd000 - 0x7ffc0abdefff  linux-gate.so  ???

******BACKTRACE*****
vserror (xmsim) [0x18e1f36]
serror (xmsim) [0x18e3a95]
sv_abrthandler (xmsim) [0xb4786c]
******BACKTRACE END*****