Operating system: Linux
                  0.0.0 Linux 3.10.0-1160.95.1.el7.x86_64 #1 SMP Mon Jul 24 13:59:37 UTC 2023 x86_64
CPU: amd64
     family 6 model 106 stepping 6
     1 CPU

GPU: UNKNOWN

Crash reason:  DUMP_REQUESTED
Crash address: 0x2b3af5e2e406
Process uptime: not available

Thread 0 (crashed)
 0  libcbreakpad.so + 0x36406
    rax = 0x0000000000000000   rdx = 0x0000000000000000
    rcx = 0x00002b3af5e2ccb2   rbx = 0x00002b3af68a7ef0
    rsi = 0x0000000000000001   rdi = 0x00002b3af68a7878
    rbp = 0x00002b3af68a7e30   rsp = 0x00002b3af68a77e0
     r8 = 0x0000000000000000    r9 = 0x0000000000000000
    r10 = 0x0000000000000000   r11 = 0x0000000000000000
    r12 = 0x0000000000000000   r13 = 0x00002b3af68a8258
    r14 = 0x00002b3af68a7e70   r15 = 0x00005a2600002b11
    rip = 0x00002b3af5e2e406
    Found by: given as instruction pointer in context
 1  libcbreakpad.so + 0x34672
    rbp = 0x00002b3af68a7f80   rsp = 0x00002b3af68a7e40
    rip = 0x00002b3af5e2c672
    Found by: previous frame's frame pointer
 2  xmsim + 0x696630
    rbp = 0x00002b3af68a7f80   rsp = 0x00002b3af68a7ed8
    rip = 0x0000000000a96630
    Found by: stack scanning
 3  libc-2.17.so + 0x36387
    rbp = 0x00002b3af68a7f80   rsp = 0x00002b3af68a7f78
    rip = 0x00002b3af5a60387
    Found by: stack scanning
 4  xmsim + 0x14e1f36
    rsp = 0x00002b3af68a7f90   rip = 0x00000000018e1f36
    Found by: stack scanning

Loaded modules:
0x00400000 - 0x02ef9fff  xmsim  ???  (main)  (WARNING: No symbols, xmsim, BA1589BEC95F518C43F9346AFBBBF4070)
0x2b3af50e4000 - 0x2b3af5105fff  ld-2.17.so  ???
0x2b3af510a000 - 0x2b3af52e0fff  libstdc++.so.6.0.28  ???
0x2b3af52e5000 - 0x2b3af52fefff  libgcc_s.so.1  ???
0x2b3af5305000 - 0x2b3af5306fff  ld-2.17.so  ???
0x2b3af5308000 - 0x2b3af531efff  libpthread-2.17.so  ???
0x2b3af531f000 - 0x2b3af551ffff  libpthread-2.17.so  ???
0x2b3af5524000 - 0x2b3af5525fff  libdl-2.17.so  ???
0x2b3af5526000 - 0x2b3af5727fff  libdl-2.17.so  ???
0x2b3af5728000 - 0x2b3af5828fff  libm-2.17.so  ???
0x2b3af5829000 - 0x2b3af5a29fff  libm-2.17.so  ???
0x2b3af5a2a000 - 0x2b3af5bedfff  libc-2.17.so  ???  (WARNING: No symbols, libc-2.17.so, 79E270948F389C7FB2ED3B2872D0C2090)
0x2b3af5bee000 - 0x2b3af5df2fff  libc-2.17.so  ???
0x2b3af5df8000 - 0x2b3af5e5cfff  libcbreakpad.so  ???  (WARNING: No symbols, libcbreakpad.so, 63B86735150D8CAFFEA2339F8607BB350)
0x2b3af5e5d000 - 0x2b3af5e61fff  libcbreakpad.so  ???
0x2b3af5e69000 - 0x2b3af5f01fff  libxmjudy.so.1.0.3  ???
0x2b3af5f83000 - 0x2b3af5f8efff  libnss_files-2.17.so  ???
0x2b3af5f8f000 - 0x2b3af618ffff  libnss_files-2.17.so  ???
0x2b3af6196000 - 0x2b3af61a0fff  libnss_nis-2.17.so  ???
0x2b3af61a1000 - 0x2b3af63a1fff  libnss_nis-2.17.so  ???
0x2b3af63a2000 - 0x2b3af63b8fff  libnsl-2.17.so  ???
0x2b3af63b9000 - 0x2b3af65b9fff  libnsl-2.17.so  ???
0x2b3af65bc000 - 0x2b3af666efff  libdcapi.so  ???
0x2b3af666f000 - 0x2b3af667bfff  libdcapi.so  ???
0x2b3af667d000 - 0x2b3af6830fff  libStrapNC.so  ???
0x2b3af70f2000 - 0x2b3af7115fff  libml_uvm.so  ???
0x2b3af74b1000 - 0x2b3af74c0fff  ncvlog_ssl.so  ???
0x2b3af74c3000 - 0x2b3af74cafff  libcrypt-2.17.so  ???
0x2b3af74cb000 - 0x2b3af76cbfff  libcrypt-2.17.so  ???
0x2b3af76fa000 - 0x2b3af76fbfff  libfreebl3.so  ???
0x2b3af76fc000 - 0x2b3af78fcfff  libfreebl3.so  ???
0x2b3af7ac2000 - 0x2b3af7acafff  libxdt.so  ???
0x2b3af7ce4000 - 0x2b3af952efff  libbdw_st.so  ???
0x2b3af9598000 - 0x2b3af95fdfff  libcurl.so.4.3.0  ???
0x2b3af95fe000 - 0x2b3af9800fff  libcurl.so.4.3.0  ???
0x2b3af9802000 - 0x2b3af9efbfff  libnffr.so  ???
0x2b3af9efc000 - 0x2b3afa123fff  libnffr.so  ???
0x2b3afabcc000 - 0x2b3afadddfff  libnsys.so  ???
0x2b3afadde000 - 0x2b3afafeafff  libnsys.so  ???
0x2b3afaffd000 - 0x2b3afb017fff  libz_sh.so  ???
0x2b3afb018000 - 0x2b3afb01efff  librt-2.17.so  ???
0x2b3afb01f000 - 0x2b3afb21ffff  librt-2.17.so  ???
0x2b3afb220000 - 0x2b3afb23ffff  libcdsCommon_sh.so  ???
0x2b3afb244000 - 0x2b3afb275fff  libidn.so.11.6.11  ???
0x2b3afb276000 - 0x2b3afb476fff  libidn.so.11.6.11  ???
0x2b3afb477000 - 0x2b3afb4a1fff  libssh2.so.1.0.1  ???
0x2b3afb4a2000 - 0x2b3afb6a3fff  libssh2.so.1.0.1  ???
0x2b3afb6a4000 - 0x2b3afb702fff  libssl3.so  ???
0x2b3afb703000 - 0x2b3afb907fff  libssl3.so  ???
0x2b3afb909000 - 0x2b3afb92dfff  libsmime3.so  ???
0x2b3afb92e000 - 0x2b3afbb30fff  libsmime3.so  ???
0x2b3afbb31000 - 0x2b3afbc61fff  libnss3.so  ???
0x2b3afbc62000 - 0x2b3afbe69fff  libnss3.so  ???
0x2b3afbe6b000 - 0x2b3afbe93fff  libnssutil3.so  ???
0x2b3afbe94000 - 0x2b3afc09afff  libnssutil3.so  ???
0x2b3afc09b000 - 0x2b3afc09dfff  libplds4.so  ???
0x2b3afc09e000 - 0x2b3afc29efff  libplds4.so  ???
0x2b3afc29f000 - 0x2b3afc2a2fff  libplc4.so  ???
0x2b3afc2a3000 - 0x2b3afc4a3fff  libplc4.so  ???
0x2b3afc4a4000 - 0x2b3afc4ddfff  libnspr4.so  ???
0x2b3afc4de000 - 0x2b3afc6e0fff  libnspr4.so  ???
0x2b3afc6e3000 - 0x2b3afc72cfff  libgssapi_krb5.so.2.2  ???
0x2b3afc72d000 - 0x2b3afc92ffff  libgssapi_krb5.so.2.2  ???
0x2b3afc930000 - 0x2b3afca08fff  libkrb5.so.3.3  ???
0x2b3afca09000 - 0x2b3afcc18fff  libkrb5.so.3.3  ???
0x2b3afcc19000 - 0x2b3afcc49fff  libk5crypto.so.3.1  ???
0x2b3afcc4a000 - 0x2b3afce4bfff  libk5crypto.so.3.1  ???
0x2b3afce4c000 - 0x2b3afce4efff  libcom_err.so.2.1  ???
0x2b3afce4f000 - 0x2b3afd04ffff  libcom_err.so.2.1  ???
0x2b3afd050000 - 0x2b3afd05dfff  liblber-2.4.so.2.10.7  ???
0x2b3afd05e000 - 0x2b3afd25efff  liblber-2.4.so.2.10.7  ???
0x2b3afd25f000 - 0x2b3afd2b0fff  libldap-2.4.so.2.10.7  ???
0x2b3afd2b1000 - 0x2b3afd4b3fff  libldap-2.4.so.2.10.7  ???
0x2b3afd4b4000 - 0x2b3afd4c8fff  libz.so.1.2.7  ???
0x2b3afd4c9000 - 0x2b3afd6c9fff  libz.so.1.2.7  ???
0x2b3afd6ca000 - 0x2b3afd730fff  libssl.so.1.0.2k  ???
0x2b3afd731000 - 0x2b3afd93bfff  libssl.so.1.0.2k  ???
0x2b3afd93c000 - 0x2b3afdb72fff  libcrypto.so.1.0.2k  ???
0x2b3afdb73000 - 0x2b3afdd9afff  libcrypto.so.1.0.2k  ???
0x2b3afdd9f000 - 0x2b3afddacfff  libkrb5support.so.0.1  ???
0x2b3afddad000 - 0x2b3afdfaefff  libkrb5support.so.0.1  ???
0x2b3afdfaf000 - 0x2b3afdfb1fff  libkeyutils.so.1.5  ???
0x2b3afdfb2000 - 0x2b3afe1b2fff  libkeyutils.so.1.5  ???
0x2b3afe1b3000 - 0x2b3afe1c8fff  libresolv-2.17.so  ???
0x2b3afe1c9000 - 0x2b3afe3cafff  libresolv-2.17.so  ???
0x2b3afe3cd000 - 0x2b3afe3e8fff  libsasl2.so.3.0.0  ???
0x2b3afe3e9000 - 0x2b3afe5e9fff  libsasl2.so.3.0.0  ???
0x2b3afe5ea000 - 0x2b3afe60dfff  libselinux.so.1  ???
0x2b3afe60e000 - 0x2b3afe80efff  libselinux.so.1  ???
0x2b3afe811000 - 0x2b3afe870fff  libpcre.so.1.2.0  ???
0x2b3afe871000 - 0x2b3afea72fff  libpcre.so.1.2.0  ???
0x2b3afeb74000 - 0x2b3afeccbfff  libhub.so  ???
0x2b3afeccc000 - 0x2b3afece6fff  libhub.so  ???
0x2b3afecf3000 - 0x2b3aff061fff  libcynshell2.0.so  ???
0x2b3aff062000 - 0x2b3aff083fff  libcynshell2.0.so  ???
0x2b3aff084000 - 0x2b3b00ec9fff  libstratus_hls.so  ???
0x2b3b0358c000 - 0x2b3b0476cfff  libz3.so  ???
0x2b3b0476d000 - 0x2b3b04998fff  libz3.so  ???
0x2b3b0499b000 - 0x2b3b049d2fff  libgomp.so.1.0.0  ???
0x2b3b0c9d4000 - 0x2b3b0ca1afff  libitcl4.2.2.so  ???
0x2b3b0ca1b000 - 0x2b3b0cb0ffff  sim_V_GF_PIPELINE2.so  ???
0x2b3b0cb11000 - 0x2b3b0cdb2fff  libscv-2.0.1.so  ???
0x2b3b0cdba000 - 0x2b3b0cf9cfff  libsystemc-2.3.3.so  ???
0x7ffc19961000 - 0x7ffc19962fff  linux-gate.so  ???

******BACKTRACE*****
vserror (xmsim) [0x18e1f36]
serror (xmsim) [0x18e3a95]
sv_abrthandler (xmsim) [0xb4786c]
dpi_scope_push_vpi (xmsim) [0xa68235]
opi_xUserCall (xmsim) [0x8862ab]
ssl_nc_call_systf (xmsim) [0xcdc544]
******BACKTRACE END*****