Operating system: Linux
                  0.0.0 Linux 3.10.0-1160.95.1.el7.x86_64 #1 SMP Mon Jul 24 13:59:37 UTC 2023 x86_64
CPU: amd64
     family 6 model 106 stepping 6
     1 CPU

GPU: UNKNOWN

Crash reason:  DUMP_REQUESTED
Crash address: 0x2b2c4b4e9406
Process uptime: not available

Thread 0 (crashed)
 0  libcbreakpad.so + 0x36406
    rax = 0xffffffffffffffff   rdx = 0x0000000000000000
    rcx = 0x00002b2c4b4e7cb2   rbx = 0x00002b2c4bf62ef0
    rsi = 0x0000000000000001   rdi = 0x00002b2c4bf62878
    rbp = 0x00002b2c4bf62e30   rsp = 0x00002b2c4bf627e0
     r8 = 0x0000000000000000    r9 = 0x0000000000000000
    r10 = 0x0000000000000000   r11 = 0x000003e800000000
    r12 = 0x0000000000000000   r13 = 0x0000000000000000
    r14 = 0x00002b2c4bf62e70   r15 = 0x0000000000000000
    rip = 0x00002b2c4b4e9406
    Found by: given as instruction pointer in context
 1  libcbreakpad.so + 0x34672
    rbp = 0x00002b2c4bf62f80   rsp = 0x00002b2c4bf62e40
    rip = 0x00002b2c4b4e7672
    Found by: previous frame's frame pointer
 2  xmsim + 0x14f8bd0
    rbp = 0x00002b2c4bf62f80   rsp = 0x00002b2c4bf62ea8
    rip = 0x00000000018f8bd0
    Found by: stack scanning
 3  libc-2.17.so + 0x4d2cd
    rbp = 0x00002b2c4bf62f80   rsp = 0x00002b2c4bf62ed0
    rip = 0x00002b2c4b1322cd
    Found by: stack scanning
 4  xmsim + 0x2946f40
    rbp = 0x00002b2c4bf62f80   rsp = 0x00002b2c4bf62ed8
    rip = 0x0000000002d46f40
    Found by: stack scanning
 5  xmsim + 0x14e3457
    rsp = 0x00002b2c4bf62f90   rip = 0x00000000018e3457
    Found by: stack scanning
 6  xmsim + 0x2946f40
    rsp = 0x00002b2c4bf62fb0   rip = 0x0000000002d46f40
    Found by: stack scanning

Loaded modules:
0x00400000 - 0x02ef9fff  xmsim  ???  (main)  (WARNING: No symbols, xmsim, BA1589BEC95F518C43F9346AFBBBF4070)
0x2b2c4a79f000 - 0x2b2c4a7c0fff  ld-2.17.so  ???
0x2b2c4a7c5000 - 0x2b2c4a99bfff  libstdc++.so.6.0.28  ???
0x2b2c4a9a0000 - 0x2b2c4a9b9fff  libgcc_s.so.1  ???
0x2b2c4a9c0000 - 0x2b2c4a9c1fff  ld-2.17.so  ???
0x2b2c4a9c3000 - 0x2b2c4a9d9fff  libpthread-2.17.so  ???
0x2b2c4a9da000 - 0x2b2c4abdafff  libpthread-2.17.so  ???
0x2b2c4abdf000 - 0x2b2c4abe0fff  libdl-2.17.so  ???
0x2b2c4abe1000 - 0x2b2c4ade2fff  libdl-2.17.so  ???
0x2b2c4ade3000 - 0x2b2c4aee3fff  libm-2.17.so  ???
0x2b2c4aee4000 - 0x2b2c4b0e4fff  libm-2.17.so  ???
0x2b2c4b0e5000 - 0x2b2c4b2a8fff  libc-2.17.so  ???  (WARNING: No symbols, libc-2.17.so, 79E270948F389C7FB2ED3B2872D0C2090)
0x2b2c4b2a9000 - 0x2b2c4b4adfff  libc-2.17.so  ???
0x2b2c4b4b3000 - 0x2b2c4b517fff  libcbreakpad.so  ???  (WARNING: No symbols, libcbreakpad.so, 63B86735150D8CAFFEA2339F8607BB350)
0x2b2c4b518000 - 0x2b2c4b51cfff  libcbreakpad.so  ???
0x2b2c4b524000 - 0x2b2c4b5bcfff  libxmjudy.so.1.0.3  ???
0x2b2c4b63e000 - 0x2b2c4b649fff  libnss_files-2.17.so  ???
0x2b2c4b64a000 - 0x2b2c4b84afff  libnss_files-2.17.so  ???
0x2b2c4b851000 - 0x2b2c4b85bfff  libnss_nis-2.17.so  ???
0x2b2c4b85c000 - 0x2b2c4ba5cfff  libnss_nis-2.17.so  ???
0x2b2c4ba5d000 - 0x2b2c4ba73fff  libnsl-2.17.so  ???
0x2b2c4ba74000 - 0x2b2c4bc74fff  libnsl-2.17.so  ???
0x2b2c4bc77000 - 0x2b2c4bd29fff  libdcapi.so  ???
0x2b2c4bd2a000 - 0x2b2c4bd36fff  libdcapi.so  ???
0x2b2c4bd38000 - 0x2b2c4beebfff  libStrapNC.so  ???
0x2b2c4c7ad000 - 0x2b2c4c7d0fff  libml_uvm.so  ???
0x2b2c4cb86000 - 0x2b2c4cb95fff  ncvlog_ssl.so  ???
0x2b2c4cb98000 - 0x2b2c4cb9ffff  libcrypt-2.17.so  ???
0x2b2c4cba0000 - 0x2b2c4cda0fff  libcrypt-2.17.so  ???
0x2b2c4cdcf000 - 0x2b2c4cdd0fff  libfreebl3.so  ???
0x2b2c4cdd1000 - 0x2b2c4cfd1fff  libfreebl3.so  ???
0x2b2c4d197000 - 0x2b2c4d19ffff  libxdt.so  ???
0x2b2c4d3b9000 - 0x2b2c4ec03fff  libbdw_st.so  ???
0x2b2c4ec6d000 - 0x2b2c4ecd2fff  libcurl.so.4.3.0  ???
0x2b2c4ecd3000 - 0x2b2c4eed5fff  libcurl.so.4.3.0  ???
0x2b2c4eed7000 - 0x2b2c4f5d0fff  libnffr.so  ???
0x2b2c4f5d1000 - 0x2b2c4f7f8fff  libnffr.so  ???
0x2b2c502a1000 - 0x2b2c504b2fff  libnsys.so  ???
0x2b2c504b3000 - 0x2b2c506bffff  libnsys.so  ???
0x2b2c506d2000 - 0x2b2c506ecfff  libz_sh.so  ???
0x2b2c506ed000 - 0x2b2c506f3fff  librt-2.17.so  ???
0x2b2c506f4000 - 0x2b2c508f4fff  librt-2.17.so  ???
0x2b2c508f5000 - 0x2b2c50914fff  libcdsCommon_sh.so  ???
0x2b2c50919000 - 0x2b2c5094afff  libidn.so.11.6.11  ???
0x2b2c5094b000 - 0x2b2c50b4bfff  libidn.so.11.6.11  ???
0x2b2c50b4c000 - 0x2b2c50b76fff  libssh2.so.1.0.1  ???
0x2b2c50b77000 - 0x2b2c50d78fff  libssh2.so.1.0.1  ???
0x2b2c50d79000 - 0x2b2c50dd7fff  libssl3.so  ???
0x2b2c50dd8000 - 0x2b2c50fdcfff  libssl3.so  ???
0x2b2c50fde000 - 0x2b2c51002fff  libsmime3.so  ???
0x2b2c51003000 - 0x2b2c51205fff  libsmime3.so  ???
0x2b2c51206000 - 0x2b2c51336fff  libnss3.so  ???
0x2b2c51337000 - 0x2b2c5153efff  libnss3.so  ???
0x2b2c51540000 - 0x2b2c51568fff  libnssutil3.so  ???
0x2b2c51569000 - 0x2b2c5176ffff  libnssutil3.so  ???
0x2b2c51770000 - 0x2b2c51772fff  libplds4.so  ???
0x2b2c51773000 - 0x2b2c51973fff  libplds4.so  ???
0x2b2c51974000 - 0x2b2c51977fff  libplc4.so  ???
0x2b2c51978000 - 0x2b2c51b78fff  libplc4.so  ???
0x2b2c51b79000 - 0x2b2c51bb2fff  libnspr4.so  ???
0x2b2c51bb3000 - 0x2b2c51db5fff  libnspr4.so  ???
0x2b2c51db8000 - 0x2b2c51e01fff  libgssapi_krb5.so.2.2  ???
0x2b2c51e02000 - 0x2b2c52004fff  libgssapi_krb5.so.2.2  ???
0x2b2c52005000 - 0x2b2c520ddfff  libkrb5.so.3.3  ???
0x2b2c520de000 - 0x2b2c522edfff  libkrb5.so.3.3  ???
0x2b2c522ee000 - 0x2b2c5231efff  libk5crypto.so.3.1  ???
0x2b2c5231f000 - 0x2b2c52520fff  libk5crypto.so.3.1  ???
0x2b2c52521000 - 0x2b2c52523fff  libcom_err.so.2.1  ???
0x2b2c52524000 - 0x2b2c52724fff  libcom_err.so.2.1  ???
0x2b2c52725000 - 0x2b2c52732fff  liblber-2.4.so.2.10.7  ???
0x2b2c52733000 - 0x2b2c52933fff  liblber-2.4.so.2.10.7  ???
0x2b2c52934000 - 0x2b2c52985fff  libldap-2.4.so.2.10.7  ???
0x2b2c52986000 - 0x2b2c52b88fff  libldap-2.4.so.2.10.7  ???
0x2b2c52b89000 - 0x2b2c52b9dfff  libz.so.1.2.7  ???
0x2b2c52b9e000 - 0x2b2c52d9efff  libz.so.1.2.7  ???
0x2b2c52d9f000 - 0x2b2c52e05fff  libssl.so.1.0.2k  ???
0x2b2c52e06000 - 0x2b2c53010fff  libssl.so.1.0.2k  ???
0x2b2c53011000 - 0x2b2c53247fff  libcrypto.so.1.0.2k  ???
0x2b2c53248000 - 0x2b2c5346ffff  libcrypto.so.1.0.2k  ???
0x2b2c53474000 - 0x2b2c53481fff  libkrb5support.so.0.1  ???
0x2b2c53482000 - 0x2b2c53683fff  libkrb5support.so.0.1  ???
0x2b2c53684000 - 0x2b2c53686fff  libkeyutils.so.1.5  ???
0x2b2c53687000 - 0x2b2c53887fff  libkeyutils.so.1.5  ???
0x2b2c53888000 - 0x2b2c5389dfff  libresolv-2.17.so  ???
0x2b2c5389e000 - 0x2b2c53a9ffff  libresolv-2.17.so  ???
0x2b2c53aa2000 - 0x2b2c53abdfff  libsasl2.so.3.0.0  ???
0x2b2c53abe000 - 0x2b2c53cbefff  libsasl2.so.3.0.0  ???
0x2b2c53cbf000 - 0x2b2c53ce2fff  libselinux.so.1  ???
0x2b2c53ce3000 - 0x2b2c53ee3fff  libselinux.so.1  ???
0x2b2c53ee6000 - 0x2b2c53f45fff  libpcre.so.1.2.0  ???
0x2b2c53f46000 - 0x2b2c54147fff  libpcre.so.1.2.0  ???
0x2b2c54249000 - 0x2b2c543a0fff  libhub.so  ???
0x2b2c543a1000 - 0x2b2c543bbfff  libhub.so  ???
0x2b2c543c8000 - 0x2b2c54736fff  libcynshell2.0.so  ???
0x2b2c54737000 - 0x2b2c54758fff  libcynshell2.0.so  ???
0x2b2c54759000 - 0x2b2c5659efff  libstratus_hls.so  ???
0x2b2c58c61000 - 0x2b2c59e41fff  libz3.so  ???
0x2b2c59e42000 - 0x2b2c5a06dfff  libz3.so  ???
0x2b2c5a070000 - 0x2b2c5a0a7fff  libgomp.so.1.0.0  ???
0x2b2c620a9000 - 0x2b2c620effff  libitcl4.2.2.so  ???
0x2b2c620f0000 - 0x2b2c621e4fff  sim_V_GF_BASIC.so  ???
0x2b2c621e6000 - 0x2b2c62487fff  libscv-2.0.1.so  ???
0x2b2c6248f000 - 0x2b2c62671fff  libsystemc-2.3.3.so  ???
0x7ffe993d7000 - 0x7ffe993d8fff  linux-gate.so  ???

******BACKTRACE*****
vserror (xmsim) [0x18e3457]
serror (xmsim) [0x18e3a95]
sv_abrthandler (xmsim) [0xb478c6]
_CAD_DJR_FM_0009270 (xmsim) [0x803098]
ssl_minnow_call (xmsim) [0xcc67b5]
******BACKTRACE END*****