csi-xmsim - CSI: Command line:
xmsim
    -f /home/u110/u110061146/ee6470/hw3/part3/stratus/bdw_work/sims/V_GF_PIPELINE2/run.lnx8664.22.03.d/ws26_11025/xmsim.args
        +BDW_VLOG_DUMPFILE+
        +hubSetOption+libdef=bdw_work/sims/V_GF_PIPELINE2/sim_V_GF_PIPELINE2.so,argv=../../SW/golden/lena_color_256_gray_noise_gaussian_laplacian2.bmp%out.bmp
        +hubSetOption+bdr=bdw_work/sims/V_GF_PIPELINE2/sim.bdr
        +xm64bit
        +incdir+/usr/cadtool/cadence/STRATUS/STRATUS_23.02.004/tools.lnx86/stratus/lib
        +incdir+bdw_work/wrappers
        +access+rw
        +loadpli1=/usr/cadtool/cadence/STRATUS/STRATUS_23.02.004/tools.lnx86/stratus/lib/64bit/ncvlog_ssl:ssl_bootstrap
        +xminput+bdw_work/sims/V_GF_PIPELINE2/ncverilog.do
        +xmlibdirname+bdw_work/sims/V_GF_PIPELINE2
        +libext+.v
        +define+ioConfig
        +define+BDW_RTL_GaussianFilter_PIPELINE2
        +nowarn+LIBNOU
        -amsdlibdir bdw_work/sims/V_GF_PIPELINE2/AMSD
        -INPUT bdw_work/sims/V_GF_PIPELINE2/ncverilog.do
        -NOWARN LIBNOU
        -MESSAGES
        +EMGRLOG bdw_work/sims/V_GF_PIPELINE2/bdw_sim_verilog.log
        -XLSTIME 1747172273
        -XLKEEP
        -XLMODE bdw_work/sims/V_GF_PIPELINE2/run.lnx8664.22.03.d
        -RUNMODE
        -CDSLIB bdw_work/sims/V_GF_PIPELINE2/run.lnx8664.22.03.d/cds.lib
        -HDLVAR bdw_work/sims/V_GF_PIPELINE2/run.lnx8664.22.03.d/hdl.var
        -XLNAME xrun
        -XLVERSION TOOL:	xrun(64)	22.03-s003
        -XLNAME ./bdw_work/sims/V_GF_PIPELINE2/run.lnx8664.22.03.d/ws26_11025
    -CHECK_VERSION TOOL:	xrun(64)	22.03-s003
    -LOG_FD 4
    -LOG_FD_NAME bdw_work/sims/V_GF_PIPELINE2/bdw_sim_verilog.log
    -cmdnopsim
    -runlock /home/u110/u110061146/ee6470/hw3/part3/stratus/bdw_work/sims/V_GF_PIPELINE2/run.lnx8664.22.03.d/.xmlib.lock
    -runscratch /home/u110/u110061146/ee6470/hw3/part3/stratus/bdw_work/sims/V_GF_PIPELINE2/run.lnx8664.22.03.d/ws26_11025

csi-xmsim - CSI: *F,INTERR: INTERNAL EXCEPTION
Observed simulation time : 306455 NS + 1
-----------------------------------------------------------------
The tool has encountered an unexpected condition and must exit.
Contact Cadence Design Systems customer support about this
problem and provide enough information to help us reproduce it,
including the logfile that contains this error message.
  TOOL:	xmsim(64)	22.03-s003
  HOSTNAME: ws26
  OPERATING SYSTEM: Linux 3.10.0-1160.95.1.el7.x86_64 #1 SMP Mon Jul 24 13:59:37 UTC 2023 x86_64
  MESSAGE: rts_abrthandler - SIGABRT unexpected violation pc=0x2b3af5a60387 addr=0x5a2600002b11
-----------------------------------------------------------------

csi-xmsim - CSI: Cadence Support Investigation, recording details
External Code in function: <unavailable> offset -65500
External Code in function: <unavailable> offset -65513
External Code in function: <unavailable> offset -65536
Simulator Snap Shot: gd (SSS_GD) in snapshot worklib.top:v (SSS)
External Code in function: <unavailable> offset -65535
External Code in function: <unavailable> offset -65533
Intermediate File: array of pointers (IF_PTRBLK) in snapshot worklib.top:v (SSS)
Verilog Syntax Tree: system task enable statement (VST_S_SYSTEM_TASK_ENABLE) in module worklib.top:v (VST)
	File: /usr/cadtool/cadence/STRATUS/STRATUS_23.02.004/tools.lnx86/stratus/lib/hub.v, line 476, position 32
	Scope: top.hubScheduleDelayedAssignments
	Decompile: $sslScheduleDelayedAssignments
	Source  : 			$sslScheduleDelayedAssignments;
	Position: 			                             ^
Verilog Syntax Tree: system task enable statement (VST_S_SYSTEM_TASK_ENABLE) in module worklib.top:v (VST)
	File: /usr/cadtool/cadence/STRATUS/STRATUS_23.02.004/tools.lnx86/stratus/lib/hub.v, line 470, position 20
	Scope: top.hubInitQuickDrive
	Decompile: $sslInitQuickDrive
	Source  : 			$sslInitQuickDrive;
	Position: 			                 ^
Verilog Syntax Tree: system task enable statement (VST_S_SYSTEM_TASK_ENABLE) in module worklib.top:v (VST)
	File: /usr/cadtool/cadence/STRATUS/STRATUS_23.02.004/tools.lnx86/stratus/lib/hub.v, line 464, position 20
	Scope: top.qbInitQuickDrive
	Decompile: $sslInitQuickDrive
	Source  : 			$sslInitQuickDrive;
	Position: 			                 ^
Code Item: ascii cb (COD_CB_ASCII)
External Code in function: <unavailable> offset -65420
External Code in function: <unavailable> offset -61440
External Code in function: <unavailable> offset -54536
csi-xmsim - CSI: investigation complete took 0.009 secs, send this file to Cadence Support
