/usr/cadtool/cadence/XCELIUM/XCELIUM_22.03.003/tools.lnx86/inca/bin/64bit/xmsim
Obtained 23 stack frames.
/usr/cadtool/cadence/XCELIUM/XCELIUM_22.03.003/tools.lnx86/inca/bin/64bit/../../../lib/64bit/libcbreakpad.so(_Z13use_backtracev+0x9d) [0x2b2c4b4e71a3]
/usr/cadtool/cadence/XCELIUM/XCELIUM_22.03.003/tools.lnx86/inca/bin/64bit/../../../lib/64bit/libcbreakpad.so(cbpad_generate_dump_on_demand+0x66) [0x2b2c4b4e7630]
xmsim() [0x18e3457]
xmsim(serror+0x95) [0x18e3a95]
xmsim() [0xb478c6]
/usr/lib64/libpthread.so.0(+0xf630) [0x2b2c4a9d2630]
/usr/lib64/libc.so.6(gsignal+0x37) [0x2b2c4b11b387]
/usr/lib64/libc.so.6(abort+0x148) [0x2b2c4b11ca78]
/usr/lib64/libc.so.6(+0x78f67) [0x2b2c4b15df67]
/usr/lib64/libc.so.6(+0x81329) [0x2b2c4b166329]
/usr/cadtool/cadence/STRATUS/STRATUS_23.02.004/tools.lnx86/stratus/systemc/2.3.3/lib-linux64/libsystemc-2.3.3.so(_ZN7sc_core9sc_reportD1Ev+0x57) [0x2b2c62609607]
/usr/cadtool/cadence/STRATUS/STRATUS_23.02.004/tools.lnx86/stratus/systemc/2.3.3/lib-linux64/libsystemc-2.3.3.so(+0x9e6a2) [0x2b2c6252d6a2]
/usr/cadtool/cadence/STRATUS/STRATUS_23.02.004/tools.lnx86/stratus/systemc/2.3.3/lib-linux64/libsystemc-2.3.3.so(_ZN7sc_core8sc_startERKNS_7sc_timeENS_20sc_starvation_policyE+0x22c) [0x2b2c62548e1c]
bdw_work/sims/V_GF_BASIC/sim_V_GF_BASIC.so(_ZN7esc_hub11exec_sc_nowEv+0x3e) [0x2b2c621a42a8]
bdw_work/sims/V_GF_BASIC/sim_V_GF_BASIC.so(_ZN7esc_hub14domain_exec_cbEm21qbhDomainExecActivitydPd+0x103) [0x2b2c621a43eb]
bdw_work/sims/V_GF_BASIC/sim_V_GF_BASIC.so(_ZN7esc_hub21static_domain_exec_cbEmPv21qbhDomainExecActivitydPd+0x44) [0x2b2c621a354e]
/usr/cadtool/cadence/STRATUS/STRATUS_23.02.004/tools.lnx86/stratus/lib/64bit/libhub.so(_ZN14CHubExecDomain7execNowEd+0x3d) [0x2b2c542f5fdd]
/usr/cadtool/cadence/STRATUS/STRATUS_23.02.004/tools.lnx86/stratus/lib/64bit/libhub.so(_ZN4CHub10execAllNowEd+0x4f) [0x2b2c542f696f]
/usr/cadtool/cadence/STRATUS/STRATUS_23.02.004/tools.lnx86/stratus/lib/64bit/libhub.so(_ZN4CHub7executeEv+0x49) [0x2b2c542f6bd9]
/usr/cadtool/cadence/STRATUS/STRATUS_23.02.004/tools.lnx86/stratus/lib/64bit/libhub.so(_ZN4CHub7leavingEb+0x45) [0x2b2c542f6c75]
xmsim() [0x803098]
xmsim() [0xcc67b5]
[0x488954a]
