/usr/cadtool/cadence/XCELIUM/XCELIUM_22.03.003/tools.lnx86/inca/bin/64bit/xmsim
Obtained 21 stack frames.
/usr/cadtool/cadence/XCELIUM/XCELIUM_22.03.003/tools.lnx86/inca/bin/64bit/../../../lib/64bit/libcbreakpad.so(_Z13use_backtracev+0x9d) [0x2b3af5e2c1a3]
/usr/cadtool/cadence/XCELIUM/XCELIUM_22.03.003/tools.lnx86/inca/bin/64bit/../../../lib/64bit/libcbreakpad.so(cbpad_generate_dump_on_demand+0x66) [0x2b3af5e2c630]
xmsim() [0x18e1f36]
xmsim(serror+0x95) [0x18e3a95]
xmsim() [0xb4786c]
/usr/lib64/libpthread.so.0(+0xf630) [0x2b3af5317630]
/usr/lib64/libc.so.6(gsignal+0x37) [0x2b3af5a60387]
/usr/lib64/libc.so.6(abort+0x148) [0x2b3af5a61a78]
/usr/cadtool/cadence/XCELIUM/XCELIUM_22.03.003/tools.lnx86/inca/bin/64bit/../../../lib/64bit/libstdc++.so.6(+0x9a663) [0x2b3af51a4663]
/usr/cadtool/cadence/XCELIUM/XCELIUM_22.03.003/tools.lnx86/inca/bin/64bit/../../../lib/64bit/libstdc++.so.6(+0xa6096) [0x2b3af51b0096]
/usr/cadtool/cadence/XCELIUM/XCELIUM_22.03.003/tools.lnx86/inca/bin/64bit/../../../lib/64bit/libstdc++.so.6(+0xa6101) [0x2b3af51b0101]
/usr/cadtool/cadence/XCELIUM/XCELIUM_22.03.003/tools.lnx86/inca/bin/64bit/../../../lib/64bit/libstdc++.so.6(+0xa6355) [0x2b3af51b0355]
/usr/cadtool/cadence/STRATUS/STRATUS_23.02.004/tools.lnx86/stratus/lib/64bit/libbdw_st.so(+0x413290) [0x2b3af80f7290]
/usr/cadtool/cadence/STRATUS/STRATUS_23.02.004/tools.lnx86/stratus/lib/64bit/libbdw_st.so(msgAbortChk+0x5c) [0x2b3af82d594c]
/usr/cadtool/cadence/STRATUS/STRATUS_23.02.004/tools.lnx86/stratus/lib/64bit/libstratus_hls.so(_Z9vatMsgLocPv5MsgIdRK9MsgLimValS1_P13__va_list_tag+0x1e9) [0x2b3b008fdc29]
/usr/cadtool/cadence/STRATUS/STRATUS_23.02.004/tools.lnx86/stratus/lib/64bit/libstratus_hls.so(_Z7message5MsgId9MsgLimValz+0xa1) [0x2b3b008fe161]
/usr/lib64/libpthread.so.0(+0xf630) [0x2b3af5317630]
xmsim() [0xa68235]
xmsim() [0x8862ab]
xmsim() [0xcdc544]
[0x42dddda]
