/usr/cadtool/cadence/XCELIUM/XCELIUM_22.03.003/tools.lnx86/inca/bin/64bit/xmsim
Obtained 18 stack frames.
/usr/cadtool/cadence/XCELIUM/XCELIUM_22.03.003/tools.lnx86/inca/bin/64bit/../../../lib/64bit/libcbreakpad.so(_Z13use_backtracev+0x9d) [0x2adc852ed1a3]
/usr/cadtool/cadence/XCELIUM/XCELIUM_22.03.003/tools.lnx86/inca/bin/64bit/../../../lib/64bit/libcbreakpad.so(cbpad_generate_dump_on_demand+0x66) [0x2adc852ed630]
xmsim() [0x18e3457]
xmsim(serror+0x95) [0x18e3a95]
xmsim() [0xb478c6]
/usr/lib64/libpthread.so.0(+0xf630) [0x2adc847d8630]
/usr/lib64/libc.so.6(gsignal+0x37) [0x2adc84f21387]
/usr/lib64/libc.so.6(abort+0x148) [0x2adc84f22a78]
/usr/cadtool/cadence/XCELIUM/XCELIUM_22.03.003/tools.lnx86/inca/bin/64bit/../../../lib/64bit/libstdc++.so.6(+0x9a663) [0x2adc84665663]
/usr/cadtool/cadence/XCELIUM/XCELIUM_22.03.003/tools.lnx86/inca/bin/64bit/../../../lib/64bit/libstdc++.so.6(+0xa6096) [0x2adc84671096]
/usr/cadtool/cadence/XCELIUM/XCELIUM_22.03.003/tools.lnx86/inca/bin/64bit/../../../lib/64bit/libstdc++.so.6(+0xa6101) [0x2adc84671101]
/usr/cadtool/cadence/XCELIUM/XCELIUM_22.03.003/tools.lnx86/inca/bin/64bit/../../../lib/64bit/libstdc++.so.6(+0xa6355) [0x2adc84671355]
/usr/cadtool/cadence/XCELIUM/XCELIUM_22.03.003/tools.lnx86/inca/bin/64bit/../../../lib/64bit/libstdc++.so.6(+0x9a2fe) [0x2adc846652fe]
/usr/cadtool/cadence/STRATUS/STRATUS_23.02.004/tools.lnx86/stratus/lib/64bit/libhub.so(_ZN16CExecutableImage17initLinkLibrariesERK10LibsToLoadiP11CElaborator+0x2d1) [0x2adc8e1227f1]
/usr/cadtool/cadence/STRATUS/STRATUS_23.02.004/tools.lnx86/stratus/lib/64bit/libhub.so(_ZN15CResultsManager11postExecuteEv+0x4f) [0x2adc8e10106f]
/usr/cadtool/cadence/STRATUS/STRATUS_23.02.004/tools.lnx86/stratus/lib/64bit/libhub.so(_ZN10CSLProgram12endExecutionEv+0x12) [0x2adc8e0ea2d2]
/usr/cadtool/cadence/STRATUS/STRATUS_23.02.004/tools.lnx86/stratus/lib/64bit/libhub.so(cpliTerminate+0xac) [0x2adc8e10851c]
/usr/cadtool/cadence/STRATUS/STRATUS_23.02.004/tools.lnx86/stratus/lib/64bit/ncvlog_ssl.so(sslShutdown+0x27) [0x2adc869942a7]
