/usr/cadtool/cadence/XCELIUM/XCELIUM_22.03.003/tools.lnx86/inca/bin/64bit/xmsim
Obtained 21 stack frames.
/usr/cadtool/cadence/XCELIUM/XCELIUM_22.03.003/tools.lnx86/inca/bin/64bit/../../../lib/64bit/libcbreakpad.so(_Z13use_backtracev+0x9d) [0x2b3ceb9e81a3]
/usr/cadtool/cadence/XCELIUM/XCELIUM_22.03.003/tools.lnx86/inca/bin/64bit/../../../lib/64bit/libcbreakpad.so(cbpad_generate_dump_on_demand+0x66) [0x2b3ceb9e8630]
xmsim() [0x18e1f36]
xmsim(serror+0x95) [0x18e3a95]
xmsim() [0xb4786c]
/usr/lib64/libpthread.so.0(+0xf630) [0x2b3ceaed3630]
/usr/lib64/libc.so.6(gsignal+0x37) [0x2b3ceb61c387]
/usr/lib64/libc.so.6(abort+0x148) [0x2b3ceb61da78]
/usr/cadtool/cadence/XCELIUM/XCELIUM_22.03.003/tools.lnx86/inca/bin/64bit/../../../lib/64bit/libstdc++.so.6(+0x9a663) [0x2b3cead60663]
/usr/cadtool/cadence/XCELIUM/XCELIUM_22.03.003/tools.lnx86/inca/bin/64bit/../../../lib/64bit/libstdc++.so.6(+0xa6096) [0x2b3cead6c096]
/usr/cadtool/cadence/XCELIUM/XCELIUM_22.03.003/tools.lnx86/inca/bin/64bit/../../../lib/64bit/libstdc++.so.6(+0xa6101) [0x2b3cead6c101]
/usr/cadtool/cadence/XCELIUM/XCELIUM_22.03.003/tools.lnx86/inca/bin/64bit/../../../lib/64bit/libstdc++.so.6(+0xa6355) [0x2b3cead6c355]
/usr/cadtool/cadence/STRATUS/STRATUS_23.02.004/tools.lnx86/stratus/lib/64bit/libbdw_st.so(+0x413290) [0x2b3cedcf7290]
/usr/cadtool/cadence/STRATUS/STRATUS_23.02.004/tools.lnx86/stratus/lib/64bit/libbdw_st.so(msgAbortChk+0x5c) [0x2b3ceded594c]
/usr/cadtool/cadence/STRATUS/STRATUS_23.02.004/tools.lnx86/stratus/lib/64bit/libstratus_hls.so(_Z9vatMsgLocPv5MsgIdRK9MsgLimValS1_P13__va_list_tag+0x1e9) [0x2b3cf64fdc29]
/usr/cadtool/cadence/STRATUS/STRATUS_23.02.004/tools.lnx86/stratus/lib/64bit/libstratus_hls.so(_Z7message5MsgId9MsgLimValz+0xa1) [0x2b3cf64fe161]
/usr/lib64/libpthread.so.0(+0xf630) [0x2b3ceaed3630]
xmsim() [0x919211]
xmsim() [0x92c2e0]
xmsim(tf_igettimeunit+0x8a) [0x7fb92a]
/usr/cadtool/cadence/STRATUS/STRATUS_23.02.004/tools.lnx86/stratus/lib/64bit/ncvlog_ssl.so(+0x58e1) [0x2b3ced0b68e1]
